Release 14.7 - xst P.20131013 (nt64)
Copyright (c) 1995-2013 Xilinx, Inc.  All rights reserved.
--> Parameter TMPDIR set to xst/projnav.tmp


Total REAL time to Xst completion: 0.00 secs
Total CPU time to Xst completion: 0.17 secs
 
--> Parameter xsthdpdir set to xst


Total REAL time to Xst completion: 0.00 secs
Total CPU time to Xst completion: 0.17 secs
 
--> Reading design: counter0_9.prj

TABLE OF CONTENTS
  1) Synthesis Options Summary
  2) HDL Parsing
  3) HDL Elaboration
  4) HDL Synthesis
       4.1) HDL Synthesis Report
  5) Advanced HDL Synthesis
       5.1) Advanced HDL Synthesis Report
  6) Low Level Synthesis
  7) Partition Report
  8) Design Summary
       8.1) Primitive and Black Box Usage
       8.2) Device utilization summary
       8.3) Partition Resource Summary
       8.4) Timing Report
            8.4.1) Clock Information
            8.4.2) Asynchronous Control Signals Information
            8.4.3) Timing Summary
            8.4.4) Timing Details
            8.4.5) Cross Clock Domains Report


=========================================================================
*                      Synthesis Options Summary                        *
=========================================================================
---- Source Parameters
Input File Name                    : "counter0_9.prj"
Ignore Synthesis Constraint File   : NO

---- Target Parameters
Output File Name                   : "counter0_9"
Output Format                      : NGC
Target Device                      : xc6slx9-3-tqg144

---- Source Options
Top Module Name                    : counter0_9
Automatic FSM Extraction           : YES
FSM Encoding Algorithm             : Auto
Safe Implementation                : No
FSM Style                          : LUT
RAM Extraction                     : Yes
RAM Style                          : Auto
ROM Extraction                     : Yes
Shift Register Extraction          : YES
ROM Style                          : Auto
Resource Sharing                   : YES
Asynchronous To Synchronous        : NO
Shift Register Minimum Size        : 2
Use DSP Block                      : Auto
Automatic Register Balancing       : No

---- Target Options
LUT Combining                      : Auto
Reduce Control Sets                : Auto
Add IO Buffers                     : YES
Global Maximum Fanout              : 100000
Add Generic Clock Buffer(BUFG)     : 16
Register Duplication               : YES
Optimize Instantiated Primitives   : NO
Use Clock Enable                   : Auto
Use Synchronous Set                : Auto
Use Synchronous Reset              : Auto
Pack IO Registers into IOBs        : Auto
Equivalent register Removal        : YES

---- General Options
Optimization Goal                  : Speed
Optimization Effort                : 1
Power Reduction                    : NO
Keep Hierarchy                     : No
Netlist Hierarchy                  : As_Optimized
RTL Output                         : Yes
Global Optimization                : AllClockNets
Read Cores                         : YES
Write Timing Constraints           : NO
Cross Clock Analysis               : NO
Hierarchy Separator                : /
Bus Delimiter                      : <>
Case Specifier                     : Maintain
Slice Utilization Ratio            : 100
BRAM Utilization Ratio             : 100
DSP48 Utilization Ratio            : 100
Auto BRAM Packing                  : NO
Slice Utilization Ratio Delta      : 5

=========================================================================


=========================================================================
*                          HDL Parsing                                  *
=========================================================================
Analyzing Verilog file "C:\Users\62010472\Documents\XilingLAB\Lab05\counter0_9.vf" into library work
Parsing module <counter0_9>.

=========================================================================
*                            HDL Elaboration                            *
=========================================================================

Elaborating module <counter0_9>.

Elaborating module <OR4>.

Elaborating module <OR3>.

Elaborating module <AND3>.

Elaborating module <AND2>.

Elaborating module <INV>.

Elaborating module <AND4>.

Elaborating module <OR5>.

Elaborating module <OR2>.

Elaborating module <VCC>.

=========================================================================
*                           HDL Synthesis                               *
=========================================================================

Synthesizing Unit <counter0_9>.
    Related source file is "C:\Users\62010472\Documents\XilingLAB\Lab05\counter0_9.vf".
    Summary:
	no macro.
Unit <counter0_9> synthesized.

=========================================================================
HDL Synthesis Report

Found no macro
=========================================================================

=========================================================================
*                       Advanced HDL Synthesis                          *
=========================================================================


=========================================================================
Advanced HDL Synthesis Report

Found no macro
=========================================================================

=========================================================================
*                         Low Level Synthesis                           *
=========================================================================

Optimizing unit <counter0_9> ...

Mapping all equations...
Building and optimizing final netlist ...
Found area constraint ratio of 100 (+ 5) on block counter0_9, actual ratio is 0.

Final Macro Processing ...

=========================================================================
Final Register Report

Found no macro
=========================================================================

=========================================================================
*                           Partition Report                            *
=========================================================================

Partition Implementation Status
-------------------------------

  No Partitions were found in this design.

-------------------------------

=========================================================================
*                            Design Summary                             *
=========================================================================

Top Level Output File Name         : counter0_9.ngc

Primitive and Black Box Usage:
------------------------------
# BELS                             : 86
#      AND2                        : 6
#      AND3                        : 19
#      AND4                        : 1
#      INV                         : 52
#      OR2                         : 1
#      OR3                         : 1
#      OR4                         : 4
#      OR5                         : 1
#      VCC                         : 1
# IO Buffers                       : 14
#      IBUF                        : 4
#      OBUF                        : 10

Device utilization summary:
---------------------------

Selected Device : 6slx9tqg144-3 


Slice Logic Utilization: 
 Number of Slice LUTs:                   52  out of   5720     0%  
    Number used as Logic:                52  out of   5720     0%  

Slice Logic Distribution: 
 Number of LUT Flip Flop pairs used:     52
   Number with an unused Flip Flop:      52  out of     52   100%  
   Number with an unused LUT:             0  out of     52     0%  
   Number of fully used LUT-FF pairs:     0  out of     52     0%  
   Number of unique control sets:         0

IO Utilization: 
 Number of IOs:                          14
 Number of bonded IOBs:                  14  out of    102    13%  

Specific Feature Utilization:

---------------------------
Partition Resource Summary:
---------------------------

  No Partitions were found in this design.

---------------------------


=========================================================================
Timing Report

NOTE: THESE TIMING NUMBERS ARE ONLY A SYNTHESIS ESTIMATE.
      FOR ACCURATE TIMING INFORMATION PLEASE REFER TO THE TRACE REPORT
      GENERATED AFTER PLACE-and-ROUTE.

Clock Information:
------------------
No clock signals found in this design

Asynchronous Control Signals Information:
----------------------------------------
No asynchronous control signals found in this design

Timing Summary:
---------------
Speed Grade: -3

   Minimum period: No path found
   Minimum input arrival time before clock: No path found
   Maximum output required time after clock: No path found
   Maximum combinational path delay: 8.387ns

Timing Details:
---------------
All values displayed in nanoseconds (ns)

=========================================================================
Timing constraint: Default path analysis
  Total number of paths / destination ports: 73 / 7
-------------------------------------------------------------------------
Delay:               8.387ns (Levels of Logic = 5)
  Source:            IN_0 (PAD)
  Destination:       a (PAD)

  Data Path: IN_0 to a
                                Gate     Net
    Cell:in->out      fanout   Delay   Delay  Logical Name (Net Name)
    ----------------------------------------  ------------
     IBUF:I->O            23   1.222   1.153  IN_0_IBUF (IN_0_IBUF)
     INV:I->O              1   0.568   0.827  XLXI_8 (XLXN_1)
     AND3:I2->O            1   0.320   0.808  XLXI_4 (XLXN_18)
     OR4:I3->O             1   0.339   0.579  XLXI_1 (a_OBUF)
     OBUF:I->O                 2.571          a_OBUF (a)
    ----------------------------------------
    Total                      8.387ns (5.020ns logic, 3.367ns route)
                                       (59.9% logic, 40.1% route)

=========================================================================

Cross Clock Domains Report:
--------------------------

=========================================================================


Total REAL time to Xst completion: 6.00 secs
Total CPU time to Xst completion: 6.00 secs
 
--> 

Total memory usage is 4507176 kilobytes

Number of errors   :    0 (   0 filtered)
Number of warnings :    0 (   0 filtered)
Number of infos    :    0 (   0 filtered)

