Release 14.7 - xst P.20131013 (nt)
Copyright (c) 1995-2013 Xilinx, Inc.  All rights reserved.
--> Parameter TMPDIR set to xst/projnav.tmp


Total REAL time to Xst completion: 0.00 secs
Total CPU time to Xst completion: 0.10 secs
 
--> Parameter xsthdpdir set to xst


Total REAL time to Xst completion: 0.00 secs
Total CPU time to Xst completion: 0.11 secs
 
--> Reading design: counter5_2.prj

TABLE OF CONTENTS
  1) Synthesis Options Summary
  2) HDL Parsing
  3) HDL Elaboration
  4) HDL Synthesis
       4.1) HDL Synthesis Report
  5) Advanced HDL Synthesis
       5.1) Advanced HDL Synthesis Report
  6) Low Level Synthesis
  7) Partition Report
  8) Design Summary
       8.1) Primitive and Black Box Usage
       8.2) Device utilization summary
       8.3) Partition Resource Summary
       8.4) Timing Report
            8.4.1) Clock Information
            8.4.2) Asynchronous Control Signals Information
            8.4.3) Timing Summary
            8.4.4) Timing Details
            8.4.5) Cross Clock Domains Report


=========================================================================
*                      Synthesis Options Summary                        *
=========================================================================
---- Source Parameters
Input File Name                    : "counter5_2.prj"
Ignore Synthesis Constraint File   : NO

---- Target Parameters
Output File Name                   : "counter5_2"
Output Format                      : NGC
Target Device                      : xc6slx9-3-tqg144

---- Source Options
Top Module Name                    : counter5_2
Automatic FSM Extraction           : YES
FSM Encoding Algorithm             : Auto
Safe Implementation                : No
FSM Style                          : LUT
RAM Extraction                     : Yes
RAM Style                          : Auto
ROM Extraction                     : Yes
Shift Register Extraction          : YES
ROM Style                          : Auto
Resource Sharing                   : YES
Asynchronous To Synchronous        : NO
Shift Register Minimum Size        : 2
Use DSP Block                      : Auto
Automatic Register Balancing       : No

---- Target Options
LUT Combining                      : Auto
Reduce Control Sets                : Auto
Add IO Buffers                     : YES
Global Maximum Fanout              : 100000
Add Generic Clock Buffer(BUFG)     : 16
Register Duplication               : YES
Optimize Instantiated Primitives   : NO
Use Clock Enable                   : Auto
Use Synchronous Set                : Auto
Use Synchronous Reset              : Auto
Pack IO Registers into IOBs        : Auto
Equivalent register Removal        : YES

---- General Options
Optimization Goal                  : Speed
Optimization Effort                : 1
Power Reduction                    : NO
Keep Hierarchy                     : No
Netlist Hierarchy                  : As_Optimized
RTL Output                         : Yes
Global Optimization                : AllClockNets
Read Cores                         : YES
Write Timing Constraints           : NO
Cross Clock Analysis               : NO
Hierarchy Separator                : /
Bus Delimiter                      : <>
Case Specifier                     : Maintain
Slice Utilization Ratio            : 100
BRAM Utilization Ratio             : 100
DSP48 Utilization Ratio            : 100
Auto BRAM Packing                  : NO
Slice Utilization Ratio Delta      : 5

=========================================================================


=========================================================================
*                          HDL Parsing                                  *
=========================================================================
Analyzing Verilog file "C:\Users\62010472\Documents\XilingLAB\counter5_2\count09.vf" into library work
Parsing module <FJKC_HXILINX_count09>.
Parsing module <count09>.
Analyzing Verilog file "C:\Users\62010472\Documents\XilingLAB\counter5_2\div20m.vf" into library work
Parsing module <FTC_HXILINX_div20m>.
Parsing module <FJKC_HXILINX_div20m>.
Parsing module <count09_MUSER_div20m>.
Parsing module <div20m>.
Analyzing Verilog file "C:\Users\62010472\Documents\XilingLAB\counter5_2\counter0_9.vf" into library work
Parsing module <counter0_9>.
Analyzing Verilog file "C:\Users\62010472\Documents\XilingLAB\counter5_2\encode.vf" into library work
Parsing module <encode>.
Analyzing Verilog file "C:\Users\62010472\Documents\XilingLAB\counter5_2\counter5_2.vf" into library work
Parsing module <CB2CE_HXILINX_counter5_2>.
Parsing module <encode_MUSER_counter5_2>.
Parsing module <counter5_2>.

=========================================================================
*                            HDL Elaboration                            *
=========================================================================

Elaborating module <counter5_2>.

Elaborating module <counter0_9>.

Elaborating module <OR4>.

Elaborating module <OR3>.

Elaborating module <AND3>.

Elaborating module <AND2>.

Elaborating module <INV>.

Elaborating module <AND4>.

Elaborating module <OR5>.

Elaborating module <OR2>.

Elaborating module <GND>.

Elaborating module <div20m>.

Elaborating module <count09_MUSER_div20m>.

Elaborating module <FJKC_HXILINX_div20m>.

Elaborating module <VCC>.

Elaborating module <FTC_HXILINX_div20m>.
WARNING:HDLCompiler:552 - "C:\Users\62010472\Documents\XilingLAB\counter5_2\div20m.vf" Line 217: Input port CLR is not connected on this instance

Elaborating module <CB2CE_HXILINX_counter5_2>.
WARNING:HDLCompiler:413 - "C:\Users\62010472\Documents\XilingLAB\counter5_2\counter5_2.vf" Line 44: Result of 3-bit expression is truncated to fit in 2-bit target.

Elaborating module <encode_MUSER_counter5_2>.

Elaborating module <XOR2>.

=========================================================================
*                           HDL Synthesis                               *
=========================================================================

Synthesizing Unit <counter5_2>.
    Related source file is "C:\Users\62010472\Documents\XilingLAB\counter5_2\counter5_2.vf".
    Set property "HU_SET = XLXI_3_10" for instance <XLXI_3>.
INFO:Xst:3210 - "C:\Users\62010472\Documents\XilingLAB\counter5_2\counter5_2.vf" line 132: Output port <CEO> of the instance <XLXI_3> is unconnected or connected to loadless signal.
INFO:Xst:3210 - "C:\Users\62010472\Documents\XilingLAB\counter5_2\counter5_2.vf" line 132: Output port <TC> of the instance <XLXI_3> is unconnected or connected to loadless signal.
    Summary:
	no macro.
Unit <counter5_2> synthesized.

Synthesizing Unit <counter0_9>.
    Related source file is "C:\Users\62010472\Documents\XilingLAB\counter5_2\counter0_9.vf".
    Summary:
	no macro.
Unit <counter0_9> synthesized.

Synthesizing Unit <div20m>.
    Related source file is "C:\Users\62010472\Documents\XilingLAB\counter5_2\div20m.vf".
    Set property "HU_SET = XLXI_22_9" for instance <XLXI_22>.
WARNING:Xst:2898 - Port 'CLR', unconnected in block instance 'XLXI_22', is tied to GND.
INFO:Xst:3210 - "C:\Users\62010472\Documents\XilingLAB\counter5_2\div20m.vf" line 174: Output port <Bit0_P82> of the instance <XLXI_2> is unconnected or connected to loadless signal.
INFO:Xst:3210 - "C:\Users\62010472\Documents\XilingLAB\counter5_2\div20m.vf" line 174: Output port <Bit1_P81> of the instance <XLXI_2> is unconnected or connected to loadless signal.
INFO:Xst:3210 - "C:\Users\62010472\Documents\XilingLAB\counter5_2\div20m.vf" line 174: Output port <Bit2_P80> of the instance <XLXI_2> is unconnected or connected to loadless signal.
INFO:Xst:3210 - "C:\Users\62010472\Documents\XilingLAB\counter5_2\div20m.vf" line 174: Output port <Bit3_P79> of the instance <XLXI_2> is unconnected or connected to loadless signal.
INFO:Xst:3210 - "C:\Users\62010472\Documents\XilingLAB\counter5_2\div20m.vf" line 180: Output port <Bit0_P82> of the instance <XLXI_3> is unconnected or connected to loadless signal.
INFO:Xst:3210 - "C:\Users\62010472\Documents\XilingLAB\counter5_2\div20m.vf" line 180: Output port <Bit1_P81> of the instance <XLXI_3> is unconnected or connected to loadless signal.
INFO:Xst:3210 - "C:\Users\62010472\Documents\XilingLAB\counter5_2\div20m.vf" line 180: Output port <Bit2_P80> of the instance <XLXI_3> is unconnected or connected to loadless signal.
INFO:Xst:3210 - "C:\Users\62010472\Documents\XilingLAB\counter5_2\div20m.vf" line 180: Output port <Bit3_P79> of the instance <XLXI_3> is unconnected or connected to loadless signal.
INFO:Xst:3210 - "C:\Users\62010472\Documents\XilingLAB\counter5_2\div20m.vf" line 186: Output port <Bit0_P82> of the instance <XLXI_4> is unconnected or connected to loadless signal.
INFO:Xst:3210 - "C:\Users\62010472\Documents\XilingLAB\counter5_2\div20m.vf" line 186: Output port <Bit1_P81> of the instance <XLXI_4> is unconnected or connected to loadless signal.
INFO:Xst:3210 - "C:\Users\62010472\Documents\XilingLAB\counter5_2\div20m.vf" line 186: Output port <Bit2_P80> of the instance <XLXI_4> is unconnected or connected to loadless signal.
INFO:Xst:3210 - "C:\Users\62010472\Documents\XilingLAB\counter5_2\div20m.vf" line 186: Output port <Bit3_P79> of the instance <XLXI_4> is unconnected or connected to loadless signal.
INFO:Xst:3210 - "C:\Users\62010472\Documents\XilingLAB\counter5_2\div20m.vf" line 192: Output port <Bit0_P82> of the instance <XLXI_5> is unconnected or connected to loadless signal.
INFO:Xst:3210 - "C:\Users\62010472\Documents\XilingLAB\counter5_2\div20m.vf" line 192: Output port <Bit1_P81> of the instance <XLXI_5> is unconnected or connected to loadless signal.
INFO:Xst:3210 - "C:\Users\62010472\Documents\XilingLAB\counter5_2\div20m.vf" line 192: Output port <Bit2_P80> of the instance <XLXI_5> is unconnected or connected to loadless signal.
INFO:Xst:3210 - "C:\Users\62010472\Documents\XilingLAB\counter5_2\div20m.vf" line 192: Output port <Bit3_P79> of the instance <XLXI_5> is unconnected or connected to loadless signal.
INFO:Xst:3210 - "C:\Users\62010472\Documents\XilingLAB\counter5_2\div20m.vf" line 198: Output port <Bit0_P82> of the instance <XLXI_6> is unconnected or connected to loadless signal.
INFO:Xst:3210 - "C:\Users\62010472\Documents\XilingLAB\counter5_2\div20m.vf" line 198: Output port <Bit1_P81> of the instance <XLXI_6> is unconnected or connected to loadless signal.
INFO:Xst:3210 - "C:\Users\62010472\Documents\XilingLAB\counter5_2\div20m.vf" line 198: Output port <Bit2_P80> of the instance <XLXI_6> is unconnected or connected to loadless signal.
INFO:Xst:3210 - "C:\Users\62010472\Documents\XilingLAB\counter5_2\div20m.vf" line 198: Output port <Bit3_P79> of the instance <XLXI_6> is unconnected or connected to loadless signal.
INFO:Xst:3210 - "C:\Users\62010472\Documents\XilingLAB\counter5_2\div20m.vf" line 204: Output port <Bit0_P82> of the instance <XLXI_7> is unconnected or connected to loadless signal.
INFO:Xst:3210 - "C:\Users\62010472\Documents\XilingLAB\counter5_2\div20m.vf" line 204: Output port <Bit1_P81> of the instance <XLXI_7> is unconnected or connected to loadless signal.
INFO:Xst:3210 - "C:\Users\62010472\Documents\XilingLAB\counter5_2\div20m.vf" line 204: Output port <Bit2_P80> of the instance <XLXI_7> is unconnected or connected to loadless signal.
INFO:Xst:3210 - "C:\Users\62010472\Documents\XilingLAB\counter5_2\div20m.vf" line 204: Output port <Bit3_P79> of the instance <XLXI_7> is unconnected or connected to loadless signal.
INFO:Xst:3210 - "C:\Users\62010472\Documents\XilingLAB\counter5_2\div20m.vf" line 210: Output port <Bit0_P82> of the instance <XLXI_10> is unconnected or connected to loadless signal.
INFO:Xst:3210 - "C:\Users\62010472\Documents\XilingLAB\counter5_2\div20m.vf" line 210: Output port <Bit1_P81> of the instance <XLXI_10> is unconnected or connected to loadless signal.
INFO:Xst:3210 - "C:\Users\62010472\Documents\XilingLAB\counter5_2\div20m.vf" line 210: Output port <Bit2_P80> of the instance <XLXI_10> is unconnected or connected to loadless signal.
INFO:Xst:3210 - "C:\Users\62010472\Documents\XilingLAB\counter5_2\div20m.vf" line 210: Output port <Bit3_P79> of the instance <XLXI_10> is unconnected or connected to loadless signal.
    Summary:
	no macro.
Unit <div20m> synthesized.

Synthesizing Unit <count09_MUSER_div20m>.
    Related source file is "C:\Users\62010472\Documents\XilingLAB\counter5_2\div20m.vf".
    Set property "HU_SET = XLXI_1_5" for instance <XLXI_1>.
    Set property "HU_SET = XLXI_2_6" for instance <XLXI_2>.
    Set property "HU_SET = XLXI_3_7" for instance <XLXI_3>.
    Set property "HU_SET = XLXI_8_8" for instance <XLXI_8>.
    Set property "CLOCK_DEDICATED_ROUTE = TRUE" for signal <CLK_P45>.
    Summary:
	no macro.
Unit <count09_MUSER_div20m> synthesized.

Synthesizing Unit <FJKC_HXILINX_div20m>.
    Related source file is "C:\Users\62010472\Documents\XilingLAB\counter5_2\div20m.vf".
        INIT = 1'b0
    Found 1-bit register for signal <Q>.
    Summary:
	inferred   1 D-type flip-flop(s).
	inferred   2 Multiplexer(s).
Unit <FJKC_HXILINX_div20m> synthesized.

Synthesizing Unit <FTC_HXILINX_div20m>.
    Related source file is "C:\Users\62010472\Documents\XilingLAB\counter5_2\div20m.vf".
        INIT = 1'b0
    Found 1-bit register for signal <Q>.
    Summary:
	inferred   1 D-type flip-flop(s).
Unit <FTC_HXILINX_div20m> synthesized.

Synthesizing Unit <CB2CE_HXILINX_counter5_2>.
    Related source file is "C:\Users\62010472\Documents\XilingLAB\counter5_2\counter5_2.vf".
    Found 1-bit register for signal <Q1>.
    Found 1-bit register for signal <Q0>.
    Found 2-bit adder for signal <Q1_GND_17_o_add_0_OUT> created at line 44.
    Summary:
	inferred   1 Adder/Subtractor(s).
	inferred   2 D-type flip-flop(s).
Unit <CB2CE_HXILINX_counter5_2> synthesized.

Synthesizing Unit <encode_MUSER_counter5_2>.
    Related source file is "C:\Users\62010472\Documents\XilingLAB\counter5_2\counter5_2.vf".
    Summary:
	no macro.
Unit <encode_MUSER_counter5_2> synthesized.

=========================================================================
HDL Synthesis Report

Macro Statistics
# Adders/Subtractors                                   : 1
 2-bit adder                                           : 1
# Registers                                            : 31
 1-bit register                                        : 31
# Multiplexers                                         : 56
 1-bit 2-to-1 multiplexer                              : 56

=========================================================================

=========================================================================
*                       Advanced HDL Synthesis                          *
=========================================================================


=========================================================================
Advanced HDL Synthesis Report

Macro Statistics
# Adders/Subtractors                                   : 1
 2-bit adder                                           : 1
# Registers                                            : 31
 Flip-Flops                                            : 31
# Multiplexers                                         : 56
 1-bit 2-to-1 multiplexer                              : 56

=========================================================================

=========================================================================
*                         Low Level Synthesis                           *
=========================================================================

Optimizing unit <counter5_2> ...

Optimizing unit <div20m> ...

Optimizing unit <count09_MUSER_div20m> ...

Optimizing unit <counter0_9> ...

Optimizing unit <FTC_HXILINX_div20m> ...

Optimizing unit <FJKC_HXILINX_div20m> ...

Optimizing unit <CB2CE_HXILINX_counter5_2> ...

Mapping all equations...
Building and optimizing final netlist ...
Found area constraint ratio of 100 (+ 5) on block counter5_2, actual ratio is 0.

Final Macro Processing ...

=========================================================================
Final Register Report

Macro Statistics
# Registers                                            : 31
 Flip-Flops                                            : 31

=========================================================================

=========================================================================
*                           Partition Report                            *
=========================================================================

Partition Implementation Status
-------------------------------

  No Partitions were found in this design.

-------------------------------

=========================================================================
*                            Design Summary                             *
=========================================================================

Top Level Output File Name         : counter5_2.ngc

Primitive and Black Box Usage:
------------------------------
# BELS                             : 164
#      AND2                        : 8
#      AND3                        : 19
#      AND4                        : 8
#      GND                         : 1
#      INV                         : 117
#      LUT2                        : 1
#      OR2                         : 1
#      OR3                         : 1
#      OR4                         : 4
#      OR5                         : 1
#      VCC                         : 1
#      XOR2                        : 2
# FlipFlops/Latches                : 31
#      FDC                         : 28
#      FDCE                        : 2
#      FDE                         : 1
# Clock Buffers                    : 1
#      BUFGP                       : 1
# IO Buffers                       : 10
#      OBUF                        : 10

Device utilization summary:
---------------------------

Selected Device : 6slx9tqg144-3 


Slice Logic Utilization: 
 Number of Slice Registers:              31  out of  11440     0%  
 Number of Slice LUTs:                  118  out of   5720     2%  
    Number used as Logic:               118  out of   5720     2%  

Slice Logic Distribution: 
 Number of LUT Flip Flop pairs used:    149
   Number with an unused Flip Flop:     118  out of    149    79%  
   Number with an unused LUT:            31  out of    149    20%  
   Number of fully used LUT-FF pairs:     0  out of    149     0%  
   Number of unique control sets:        30

IO Utilization: 
 Number of IOs:                          11
 Number of bonded IOBs:                  11  out of    102    10%  

Specific Feature Utilization:
 Number of BUFG/BUFGCTRLs:                1  out of     16     6%  

---------------------------
Partition Resource Summary:
---------------------------

  No Partitions were found in this design.

---------------------------


=========================================================================
Timing Report

NOTE: THESE TIMING NUMBERS ARE ONLY A SYNTHESIS ESTIMATE.
      FOR ACCURATE TIMING INFORMATION PLEASE REFER TO THE TRACE REPORT
      GENERATED AFTER PLACE-and-ROUTE.

Clock Information:
------------------
--------------------------------------+---------------------------------+-------+
Clock Signal                          | Clock buffer(FF name)           | Load  |
--------------------------------------+---------------------------------+-------+
CLK_P123                              | BUFGP                           | 1     |
XLXI_2/XLXI_7/XLXI_2/Q                | NONE(XLXI_2/XLXI_7/XLXI_3/Q)    | 1     |
XLXI_2/XLXI_7/XLXI_8/Q                | NONE(XLXI_2/XLXI_7/XLXI_2/Q)    | 1     |
XLXI_2/XLXI_7/XLXI_1/Q                | NONE(XLXI_2/XLXI_7/XLXI_8/Q)    | 1     |
XLXI_2/XLXI_22/Q                      | NONE(XLXI_2/XLXI_7/XLXI_1/Q)    | 1     |
XLXI_2/XLXI_6/XLXI_2/Q                | NONE(XLXI_2/XLXI_6/XLXI_3/Q)    | 1     |
XLXI_2/XLXI_6/XLXI_8/Q                | NONE(XLXI_2/XLXI_6/XLXI_2/Q)    | 1     |
XLXI_2/XLXI_6/XLXI_1/Q                | NONE(XLXI_2/XLXI_6/XLXI_8/Q)    | 1     |
XLXI_2/XLXN_12(XLXI_2/XLXI_7/XLXI_7:O)| NONE(*)(XLXI_2/XLXI_6/XLXI_1/Q) | 1     |
XLXI_2/XLXI_5/XLXI_2/Q                | NONE(XLXI_2/XLXI_5/XLXI_3/Q)    | 1     |
XLXI_2/XLXI_5/XLXI_8/Q                | NONE(XLXI_2/XLXI_5/XLXI_2/Q)    | 1     |
XLXI_2/XLXI_5/XLXI_1/Q                | NONE(XLXI_2/XLXI_5/XLXI_8/Q)    | 1     |
XLXI_2/XLXN_13(XLXI_2/XLXI_6/XLXI_7:O)| NONE(*)(XLXI_2/XLXI_5/XLXI_1/Q) | 1     |
XLXI_2/XLXI_4/XLXI_2/Q                | NONE(XLXI_2/XLXI_4/XLXI_3/Q)    | 1     |
XLXI_2/XLXI_4/XLXI_8/Q                | NONE(XLXI_2/XLXI_4/XLXI_2/Q)    | 1     |
XLXI_2/XLXI_4/XLXI_1/Q                | NONE(XLXI_2/XLXI_4/XLXI_8/Q)    | 1     |
XLXI_2/XLXN_14(XLXI_2/XLXI_5/XLXI_7:O)| NONE(*)(XLXI_2/XLXI_4/XLXI_1/Q) | 1     |
XLXI_2/XLXI_3/XLXI_2/Q                | NONE(XLXI_2/XLXI_3/XLXI_3/Q)    | 1     |
XLXI_2/XLXI_3/XLXI_8/Q                | NONE(XLXI_2/XLXI_3/XLXI_2/Q)    | 1     |
XLXI_2/XLXI_3/XLXI_1/Q                | NONE(XLXI_2/XLXI_3/XLXI_8/Q)    | 1     |
XLXI_2/XLXN_15(XLXI_2/XLXI_4/XLXI_7:O)| NONE(*)(XLXI_2/XLXI_3/XLXI_1/Q) | 1     |
XLXI_2/XLXI_2/XLXI_2/Q                | NONE(XLXI_2/XLXI_2/XLXI_3/Q)    | 1     |
XLXI_2/XLXI_2/XLXI_8/Q                | NONE(XLXI_2/XLXI_2/XLXI_2/Q)    | 1     |
XLXI_2/XLXI_2/XLXI_1/Q                | NONE(XLXI_2/XLXI_2/XLXI_8/Q)    | 1     |
XLXI_2/XLXN_16(XLXI_2/XLXI_3/XLXI_7:O)| NONE(*)(XLXI_2/XLXI_2/XLXI_1/Q) | 1     |
XLXI_2/XLXI_10/XLXI_2/Q               | NONE(XLXI_2/XLXI_10/XLXI_3/Q)   | 1     |
XLXI_2/XLXI_10/XLXI_8/Q               | NONE(XLXI_2/XLXI_10/XLXI_2/Q)   | 1     |
XLXI_2/XLXI_10/XLXI_1/Q               | NONE(XLXI_2/XLXI_10/XLXI_8/Q)   | 1     |
XLXI_2/XLXN_25(XLXI_2/XLXI_2/XLXI_7:O)| NONE(*)(XLXI_2/XLXI_10/XLXI_1/Q)| 1     |
XLXN_24(XLXI_2/XLXI_10/XLXI_7:O)      | NONE(*)(XLXI_3/Q0)              | 2     |
--------------------------------------+---------------------------------+-------+
(*) These 7 clock signal(s) are generated by combinatorial logic,
and XST is not able to identify which are the primary clock signals.
Please use the CLOCK_SIGNAL constraint to specify the clock signal(s) generated by combinatorial logic.
INFO:Xst:2169 - HDL ADVISOR - Some clock signals were not automatically buffered by XST with BUFG/BUFR resources. Please use the buffer_type constraint in order to insert these buffers to the clock signals to help prevent skew problems.

Asynchronous Control Signals Information:
----------------------------------------
No asynchronous control signals found in this design

Timing Summary:
---------------
Speed Grade: -3

   Minimum period: 3.986ns (Maximum Frequency: 250.887MHz)
   Minimum input arrival time before clock: No path found
   Maximum output required time after clock: 8.953ns
   Maximum combinational path delay: No path found

Timing Details:
---------------
All values displayed in nanoseconds (ns)

=========================================================================
Timing constraint: Default period analysis for Clock 'CLK_P123'
  Clock period: 1.950ns (frequency: 512.794MHz)
  Total number of paths / destination ports: 1 / 1
-------------------------------------------------------------------------
Delay:               1.950ns (Levels of Logic = 1)
  Source:            XLXI_2/XLXI_22/Q (FF)
  Destination:       XLXI_2/XLXI_22/Q (FF)
  Source Clock:      CLK_P123 rising
  Destination Clock: CLK_P123 rising

  Data Path: XLXI_2/XLXI_22/Q to XLXI_2/XLXI_22/Q
                                Gate     Net
    Cell:in->out      fanout   Delay   Delay  Logical Name (Net Name)
    ----------------------------------------  ------------
     FDE:C->Q              2   0.447   0.616  Q (Q)
     INV:I->O              1   0.206   0.579  Q_INV_4_o1_INV_0 (Q_INV_4_o)
     FDE:D                     0.102          Q
    ----------------------------------------
    Total                      1.950ns (0.755ns logic, 1.195ns route)
                                       (38.7% logic, 61.3% route)

=========================================================================
Timing constraint: Default period analysis for Clock 'XLXI_2/XLXI_7/XLXI_2/Q'
  Clock period: 2.775ns (frequency: 360.328MHz)
  Total number of paths / destination ports: 2 / 2
-------------------------------------------------------------------------
Delay:               2.775ns (Levels of Logic = 2)
  Source:            XLXI_2/XLXI_7/XLXI_3/Q (FF)
  Destination:       XLXI_2/XLXI_7/XLXI_3/Q (FF)
  Source Clock:      XLXI_2/XLXI_7/XLXI_2/Q falling
  Destination Clock: XLXI_2/XLXI_7/XLXI_2/Q falling

  Data Path: XLXI_2/XLXI_7/XLXI_3/Q to XLXI_2/XLXI_7/XLXI_3/Q
                                Gate     Net
    Cell:in->out      fanout   Delay   Delay  Logical Name (Net Name)
    ----------------------------------------  ------------
     FDC:C->Q              2   0.447   0.981  Q (Q)
     end scope: 'XLXI_2/XLXI_7/XLXI_3:Q'
     AND4:I0->O            5   0.203   0.714  XLXI_2/XLXI_7/XLXI_7 (XLXI_2/XLXN_12)
     begin scope: 'XLXI_2/XLXI_7/XLXI_3:CLR'
     FDC:CLR                   0.430          Q
    ----------------------------------------
    Total                      2.775ns (1.080ns logic, 1.695ns route)
                                       (38.9% logic, 61.1% route)

=========================================================================
Timing constraint: Default period analysis for Clock 'XLXI_2/XLXI_7/XLXI_8/Q'
  Clock period: 3.956ns (frequency: 252.774MHz)
  Total number of paths / destination ports: 2 / 2
-------------------------------------------------------------------------
Delay:               3.956ns (Levels of Logic = 3)
  Source:            XLXI_2/XLXI_7/XLXI_2/Q (FF)
  Destination:       XLXI_2/XLXI_7/XLXI_2/Q (FF)
  Source Clock:      XLXI_2/XLXI_7/XLXI_8/Q falling
  Destination Clock: XLXI_2/XLXI_7/XLXI_8/Q falling

  Data Path: XLXI_2/XLXI_7/XLXI_2/Q to XLXI_2/XLXI_7/XLXI_2/Q
                                Gate     Net
    Cell:in->out      fanout   Delay   Delay  Logical Name (Net Name)
    ----------------------------------------  ------------
     FDC:C->Q              3   0.447   0.650  Q (Q)
     end scope: 'XLXI_2/XLXI_7/XLXI_2:Q'
     INV:I->O              1   0.568   0.924  XLXI_2/XLXI_7/XLXI_6 (XLXI_2/XLXI_7/XLXN_5)
     AND4:I1->O            5   0.223   0.714  XLXI_2/XLXI_7/XLXI_7 (XLXI_2/XLXN_12)
     begin scope: 'XLXI_2/XLXI_7/XLXI_2:CLR'
     FDC:CLR                   0.430          Q
    ----------------------------------------
    Total                      3.956ns (1.668ns logic, 2.288ns route)
                                       (42.2% logic, 57.8% route)

=========================================================================
Timing constraint: Default period analysis for Clock 'XLXI_2/XLXI_7/XLXI_1/Q'
  Clock period: 2.809ns (frequency: 355.967MHz)
  Total number of paths / destination ports: 2 / 2
-------------------------------------------------------------------------
Delay:               2.809ns (Levels of Logic = 2)
  Source:            XLXI_2/XLXI_7/XLXI_8/Q (FF)
  Destination:       XLXI_2/XLXI_7/XLXI_8/Q (FF)
  Source Clock:      XLXI_2/XLXI_7/XLXI_1/Q falling
  Destination Clock: XLXI_2/XLXI_7/XLXI_1/Q falling

  Data Path: XLXI_2/XLXI_7/XLXI_8/Q to XLXI_2/XLXI_7/XLXI_8/Q
                                Gate     Net
    Cell:in->out      fanout   Delay   Delay  Logical Name (Net Name)
    ----------------------------------------  ------------
     FDC:C->Q              3   0.447   0.898  Q (Q)
     end scope: 'XLXI_2/XLXI_7/XLXI_8:Q'
     AND4:I2->O            5   0.320   0.714  XLXI_2/XLXI_7/XLXI_7 (XLXI_2/XLXN_12)
     begin scope: 'XLXI_2/XLXI_7/XLXI_8:CLR'
     FDC:CLR                   0.430          Q
    ----------------------------------------
    Total                      2.809ns (1.197ns logic, 1.612ns route)
                                       (42.6% logic, 57.4% route)

=========================================================================
Timing constraint: Default period analysis for Clock 'XLXI_2/XLXI_22/Q'
  Clock period: 3.956ns (frequency: 252.774MHz)
  Total number of paths / destination ports: 2 / 2
-------------------------------------------------------------------------
Delay:               3.956ns (Levels of Logic = 3)
  Source:            XLXI_2/XLXI_7/XLXI_1/Q (FF)
  Destination:       XLXI_2/XLXI_7/XLXI_1/Q (FF)
  Source Clock:      XLXI_2/XLXI_22/Q rising
  Destination Clock: XLXI_2/XLXI_22/Q rising

  Data Path: XLXI_2/XLXI_7/XLXI_1/Q to XLXI_2/XLXI_7/XLXI_1/Q
                                Gate     Net
    Cell:in->out      fanout   Delay   Delay  Logical Name (Net Name)
    ----------------------------------------  ------------
     FDC:C->Q              3   0.447   0.650  Q (Q)
     end scope: 'XLXI_2/XLXI_7/XLXI_1:Q'
     INV:I->O              1   0.568   0.808  XLXI_2/XLXI_7/XLXI_5 (XLXI_2/XLXI_7/XLXN_6)
     AND4:I3->O            5   0.339   0.714  XLXI_2/XLXI_7/XLXI_7 (XLXI_2/XLXN_12)
     begin scope: 'XLXI_2/XLXI_7/XLXI_1:CLR'
     FDC:CLR                   0.430          Q
    ----------------------------------------
    Total                      3.956ns (1.784ns logic, 2.172ns route)
                                       (45.1% logic, 54.9% route)

=========================================================================
Timing constraint: Default period analysis for Clock 'XLXI_2/XLXI_6/XLXI_2/Q'
  Clock period: 2.775ns (frequency: 360.328MHz)
  Total number of paths / destination ports: 2 / 2
-------------------------------------------------------------------------
Delay:               2.775ns (Levels of Logic = 2)
  Source:            XLXI_2/XLXI_6/XLXI_3/Q (FF)
  Destination:       XLXI_2/XLXI_6/XLXI_3/Q (FF)
  Source Clock:      XLXI_2/XLXI_6/XLXI_2/Q falling
  Destination Clock: XLXI_2/XLXI_6/XLXI_2/Q falling

  Data Path: XLXI_2/XLXI_6/XLXI_3/Q to XLXI_2/XLXI_6/XLXI_3/Q
                                Gate     Net
    Cell:in->out      fanout   Delay   Delay  Logical Name (Net Name)
    ----------------------------------------  ------------
     FDC:C->Q              2   0.447   0.981  Q (Q)
     end scope: 'XLXI_2/XLXI_6/XLXI_3:Q'
     AND4:I0->O            5   0.203   0.714  XLXI_2/XLXI_6/XLXI_7 (XLXI_2/XLXN_13)
     begin scope: 'XLXI_2/XLXI_6/XLXI_3:CLR'
     FDC:CLR                   0.430          Q
    ----------------------------------------
    Total                      2.775ns (1.080ns logic, 1.695ns route)
                                       (38.9% logic, 61.1% route)

=========================================================================
Timing constraint: Default period analysis for Clock 'XLXI_2/XLXI_6/XLXI_8/Q'
  Clock period: 3.956ns (frequency: 252.774MHz)
  Total number of paths / destination ports: 2 / 2
-------------------------------------------------------------------------
Delay:               3.956ns (Levels of Logic = 3)
  Source:            XLXI_2/XLXI_6/XLXI_2/Q (FF)
  Destination:       XLXI_2/XLXI_6/XLXI_2/Q (FF)
  Source Clock:      XLXI_2/XLXI_6/XLXI_8/Q falling
  Destination Clock: XLXI_2/XLXI_6/XLXI_8/Q falling

  Data Path: XLXI_2/XLXI_6/XLXI_2/Q to XLXI_2/XLXI_6/XLXI_2/Q
                                Gate     Net
    Cell:in->out      fanout   Delay   Delay  Logical Name (Net Name)
    ----------------------------------------  ------------
     FDC:C->Q              3   0.447   0.650  Q (Q)
     end scope: 'XLXI_2/XLXI_6/XLXI_2:Q'
     INV:I->O              1   0.568   0.924  XLXI_2/XLXI_6/XLXI_6 (XLXI_2/XLXI_6/XLXN_5)
     AND4:I1->O            5   0.223   0.714  XLXI_2/XLXI_6/XLXI_7 (XLXI_2/XLXN_13)
     begin scope: 'XLXI_2/XLXI_6/XLXI_2:CLR'
     FDC:CLR                   0.430          Q
    ----------------------------------------
    Total                      3.956ns (1.668ns logic, 2.288ns route)
                                       (42.2% logic, 57.8% route)

=========================================================================
Timing constraint: Default period analysis for Clock 'XLXI_2/XLXI_6/XLXI_1/Q'
  Clock period: 2.809ns (frequency: 355.967MHz)
  Total number of paths / destination ports: 2 / 2
-------------------------------------------------------------------------
Delay:               2.809ns (Levels of Logic = 2)
  Source:            XLXI_2/XLXI_6/XLXI_8/Q (FF)
  Destination:       XLXI_2/XLXI_6/XLXI_8/Q (FF)
  Source Clock:      XLXI_2/XLXI_6/XLXI_1/Q falling
  Destination Clock: XLXI_2/XLXI_6/XLXI_1/Q falling

  Data Path: XLXI_2/XLXI_6/XLXI_8/Q to XLXI_2/XLXI_6/XLXI_8/Q
                                Gate     Net
    Cell:in->out      fanout   Delay   Delay  Logical Name (Net Name)
    ----------------------------------------  ------------
     FDC:C->Q              3   0.447   0.898  Q (Q)
     end scope: 'XLXI_2/XLXI_6/XLXI_8:Q'
     AND4:I2->O            5   0.320   0.714  XLXI_2/XLXI_6/XLXI_7 (XLXI_2/XLXN_13)
     begin scope: 'XLXI_2/XLXI_6/XLXI_8:CLR'
     FDC:CLR                   0.430          Q
    ----------------------------------------
    Total                      2.809ns (1.197ns logic, 1.612ns route)
                                       (42.6% logic, 57.4% route)

=========================================================================
Timing constraint: Default period analysis for Clock 'XLXI_2/XLXN_12'
  Clock period: 3.956ns (frequency: 252.774MHz)
  Total number of paths / destination ports: 2 / 2
-------------------------------------------------------------------------
Delay:               3.956ns (Levels of Logic = 3)
  Source:            XLXI_2/XLXI_6/XLXI_1/Q (FF)
  Destination:       XLXI_2/XLXI_6/XLXI_1/Q (FF)
  Source Clock:      XLXI_2/XLXN_12 rising
  Destination Clock: XLXI_2/XLXN_12 rising

  Data Path: XLXI_2/XLXI_6/XLXI_1/Q to XLXI_2/XLXI_6/XLXI_1/Q
                                Gate     Net
    Cell:in->out      fanout   Delay   Delay  Logical Name (Net Name)
    ----------------------------------------  ------------
     FDC:C->Q              3   0.447   0.650  Q (Q)
     end scope: 'XLXI_2/XLXI_6/XLXI_1:Q'
     INV:I->O              1   0.568   0.808  XLXI_2/XLXI_6/XLXI_5 (XLXI_2/XLXI_6/XLXN_6)
     AND4:I3->O            5   0.339   0.714  XLXI_2/XLXI_6/XLXI_7 (XLXI_2/XLXN_13)
     begin scope: 'XLXI_2/XLXI_6/XLXI_1:CLR'
     FDC:CLR                   0.430          Q
    ----------------------------------------
    Total                      3.956ns (1.784ns logic, 2.172ns route)
                                       (45.1% logic, 54.9% route)

=========================================================================
Timing constraint: Default period analysis for Clock 'XLXI_2/XLXI_5/XLXI_2/Q'
  Clock period: 2.775ns (frequency: 360.328MHz)
  Total number of paths / destination ports: 2 / 2
-------------------------------------------------------------------------
Delay:               2.775ns (Levels of Logic = 2)
  Source:            XLXI_2/XLXI_5/XLXI_3/Q (FF)
  Destination:       XLXI_2/XLXI_5/XLXI_3/Q (FF)
  Source Clock:      XLXI_2/XLXI_5/XLXI_2/Q falling
  Destination Clock: XLXI_2/XLXI_5/XLXI_2/Q falling

  Data Path: XLXI_2/XLXI_5/XLXI_3/Q to XLXI_2/XLXI_5/XLXI_3/Q
                                Gate     Net
    Cell:in->out      fanout   Delay   Delay  Logical Name (Net Name)
    ----------------------------------------  ------------
     FDC:C->Q              2   0.447   0.981  Q (Q)
     end scope: 'XLXI_2/XLXI_5/XLXI_3:Q'
     AND4:I0->O            5   0.203   0.714  XLXI_2/XLXI_5/XLXI_7 (XLXI_2/XLXN_14)
     begin scope: 'XLXI_2/XLXI_5/XLXI_3:CLR'
     FDC:CLR                   0.430          Q
    ----------------------------------------
    Total                      2.775ns (1.080ns logic, 1.695ns route)
                                       (38.9% logic, 61.1% route)

=========================================================================
Timing constraint: Default period analysis for Clock 'XLXI_2/XLXI_5/XLXI_8/Q'
  Clock period: 3.956ns (frequency: 252.774MHz)
  Total number of paths / destination ports: 2 / 2
-------------------------------------------------------------------------
Delay:               3.956ns (Levels of Logic = 3)
  Source:            XLXI_2/XLXI_5/XLXI_2/Q (FF)
  Destination:       XLXI_2/XLXI_5/XLXI_2/Q (FF)
  Source Clock:      XLXI_2/XLXI_5/XLXI_8/Q falling
  Destination Clock: XLXI_2/XLXI_5/XLXI_8/Q falling

  Data Path: XLXI_2/XLXI_5/XLXI_2/Q to XLXI_2/XLXI_5/XLXI_2/Q
                                Gate     Net
    Cell:in->out      fanout   Delay   Delay  Logical Name (Net Name)
    ----------------------------------------  ------------
     FDC:C->Q              3   0.447   0.650  Q (Q)
     end scope: 'XLXI_2/XLXI_5/XLXI_2:Q'
     INV:I->O              1   0.568   0.924  XLXI_2/XLXI_5/XLXI_6 (XLXI_2/XLXI_5/XLXN_5)
     AND4:I1->O            5   0.223   0.714  XLXI_2/XLXI_5/XLXI_7 (XLXI_2/XLXN_14)
     begin scope: 'XLXI_2/XLXI_5/XLXI_2:CLR'
     FDC:CLR                   0.430          Q
    ----------------------------------------
    Total                      3.956ns (1.668ns logic, 2.288ns route)
                                       (42.2% logic, 57.8% route)

=========================================================================
Timing constraint: Default period analysis for Clock 'XLXI_2/XLXI_5/XLXI_1/Q'
  Clock period: 2.809ns (frequency: 355.967MHz)
  Total number of paths / destination ports: 2 / 2
-------------------------------------------------------------------------
Delay:               2.809ns (Levels of Logic = 2)
  Source:            XLXI_2/XLXI_5/XLXI_8/Q (FF)
  Destination:       XLXI_2/XLXI_5/XLXI_8/Q (FF)
  Source Clock:      XLXI_2/XLXI_5/XLXI_1/Q falling
  Destination Clock: XLXI_2/XLXI_5/XLXI_1/Q falling

  Data Path: XLXI_2/XLXI_5/XLXI_8/Q to XLXI_2/XLXI_5/XLXI_8/Q
                                Gate     Net
    Cell:in->out      fanout   Delay   Delay  Logical Name (Net Name)
    ----------------------------------------  ------------
     FDC:C->Q              3   0.447   0.898  Q (Q)
     end scope: 'XLXI_2/XLXI_5/XLXI_8:Q'
     AND4:I2->O            5   0.320   0.714  XLXI_2/XLXI_5/XLXI_7 (XLXI_2/XLXN_14)
     begin scope: 'XLXI_2/XLXI_5/XLXI_8:CLR'
     FDC:CLR                   0.430          Q
    ----------------------------------------
    Total                      2.809ns (1.197ns logic, 1.612ns route)
                                       (42.6% logic, 57.4% route)

=========================================================================
Timing constraint: Default period analysis for Clock 'XLXI_2/XLXN_13'
  Clock period: 3.956ns (frequency: 252.774MHz)
  Total number of paths / destination ports: 2 / 2
-------------------------------------------------------------------------
Delay:               3.956ns (Levels of Logic = 3)
  Source:            XLXI_2/XLXI_5/XLXI_1/Q (FF)
  Destination:       XLXI_2/XLXI_5/XLXI_1/Q (FF)
  Source Clock:      XLXI_2/XLXN_13 rising
  Destination Clock: XLXI_2/XLXN_13 rising

  Data Path: XLXI_2/XLXI_5/XLXI_1/Q to XLXI_2/XLXI_5/XLXI_1/Q
                                Gate     Net
    Cell:in->out      fanout   Delay   Delay  Logical Name (Net Name)
    ----------------------------------------  ------------
     FDC:C->Q              3   0.447   0.650  Q (Q)
     end scope: 'XLXI_2/XLXI_5/XLXI_1:Q'
     INV:I->O              1   0.568   0.808  XLXI_2/XLXI_5/XLXI_5 (XLXI_2/XLXI_5/XLXN_6)
     AND4:I3->O            5   0.339   0.714  XLXI_2/XLXI_5/XLXI_7 (XLXI_2/XLXN_14)
     begin scope: 'XLXI_2/XLXI_5/XLXI_1:CLR'
     FDC:CLR                   0.430          Q
    ----------------------------------------
    Total                      3.956ns (1.784ns logic, 2.172ns route)
                                       (45.1% logic, 54.9% route)

=========================================================================
Timing constraint: Default period analysis for Clock 'XLXI_2/XLXI_4/XLXI_2/Q'
  Clock period: 2.775ns (frequency: 360.328MHz)
  Total number of paths / destination ports: 2 / 2
-------------------------------------------------------------------------
Delay:               2.775ns (Levels of Logic = 2)
  Source:            XLXI_2/XLXI_4/XLXI_3/Q (FF)
  Destination:       XLXI_2/XLXI_4/XLXI_3/Q (FF)
  Source Clock:      XLXI_2/XLXI_4/XLXI_2/Q falling
  Destination Clock: XLXI_2/XLXI_4/XLXI_2/Q falling

  Data Path: XLXI_2/XLXI_4/XLXI_3/Q to XLXI_2/XLXI_4/XLXI_3/Q
                                Gate     Net
    Cell:in->out      fanout   Delay   Delay  Logical Name (Net Name)
    ----------------------------------------  ------------
     FDC:C->Q              2   0.447   0.981  Q (Q)
     end scope: 'XLXI_2/XLXI_4/XLXI_3:Q'
     AND4:I0->O            5   0.203   0.714  XLXI_2/XLXI_4/XLXI_7 (XLXI_2/XLXN_15)
     begin scope: 'XLXI_2/XLXI_4/XLXI_3:CLR'
     FDC:CLR                   0.430          Q
    ----------------------------------------
    Total                      2.775ns (1.080ns logic, 1.695ns route)
                                       (38.9% logic, 61.1% route)

=========================================================================
Timing constraint: Default period analysis for Clock 'XLXI_2/XLXI_4/XLXI_8/Q'
  Clock period: 3.956ns (frequency: 252.774MHz)
  Total number of paths / destination ports: 2 / 2
-------------------------------------------------------------------------
Delay:               3.956ns (Levels of Logic = 3)
  Source:            XLXI_2/XLXI_4/XLXI_2/Q (FF)
  Destination:       XLXI_2/XLXI_4/XLXI_2/Q (FF)
  Source Clock:      XLXI_2/XLXI_4/XLXI_8/Q falling
  Destination Clock: XLXI_2/XLXI_4/XLXI_8/Q falling

  Data Path: XLXI_2/XLXI_4/XLXI_2/Q to XLXI_2/XLXI_4/XLXI_2/Q
                                Gate     Net
    Cell:in->out      fanout   Delay   Delay  Logical Name (Net Name)
    ----------------------------------------  ------------
     FDC:C->Q              3   0.447   0.650  Q (Q)
     end scope: 'XLXI_2/XLXI_4/XLXI_2:Q'
     INV:I->O              1   0.568   0.924  XLXI_2/XLXI_4/XLXI_6 (XLXI_2/XLXI_4/XLXN_5)
     AND4:I1->O            5   0.223   0.714  XLXI_2/XLXI_4/XLXI_7 (XLXI_2/XLXN_15)
     begin scope: 'XLXI_2/XLXI_4/XLXI_2:CLR'
     FDC:CLR                   0.430          Q
    ----------------------------------------
    Total                      3.956ns (1.668ns logic, 2.288ns route)
                                       (42.2% logic, 57.8% route)

=========================================================================
Timing constraint: Default period analysis for Clock 'XLXI_2/XLXI_4/XLXI_1/Q'
  Clock period: 2.809ns (frequency: 355.967MHz)
  Total number of paths / destination ports: 2 / 2
-------------------------------------------------------------------------
Delay:               2.809ns (Levels of Logic = 2)
  Source:            XLXI_2/XLXI_4/XLXI_8/Q (FF)
  Destination:       XLXI_2/XLXI_4/XLXI_8/Q (FF)
  Source Clock:      XLXI_2/XLXI_4/XLXI_1/Q falling
  Destination Clock: XLXI_2/XLXI_4/XLXI_1/Q falling

  Data Path: XLXI_2/XLXI_4/XLXI_8/Q to XLXI_2/XLXI_4/XLXI_8/Q
                                Gate     Net
    Cell:in->out      fanout   Delay   Delay  Logical Name (Net Name)
    ----------------------------------------  ------------
     FDC:C->Q              3   0.447   0.898  Q (Q)
     end scope: 'XLXI_2/XLXI_4/XLXI_8:Q'
     AND4:I2->O            5   0.320   0.714  XLXI_2/XLXI_4/XLXI_7 (XLXI_2/XLXN_15)
     begin scope: 'XLXI_2/XLXI_4/XLXI_8:CLR'
     FDC:CLR                   0.430          Q
    ----------------------------------------
    Total                      2.809ns (1.197ns logic, 1.612ns route)
                                       (42.6% logic, 57.4% route)

=========================================================================
Timing constraint: Default period analysis for Clock 'XLXI_2/XLXN_14'
  Clock period: 3.956ns (frequency: 252.774MHz)
  Total number of paths / destination ports: 2 / 2
-------------------------------------------------------------------------
Delay:               3.956ns (Levels of Logic = 3)
  Source:            XLXI_2/XLXI_4/XLXI_1/Q (FF)
  Destination:       XLXI_2/XLXI_4/XLXI_1/Q (FF)
  Source Clock:      XLXI_2/XLXN_14 rising
  Destination Clock: XLXI_2/XLXN_14 rising

  Data Path: XLXI_2/XLXI_4/XLXI_1/Q to XLXI_2/XLXI_4/XLXI_1/Q
                                Gate     Net
    Cell:in->out      fanout   Delay   Delay  Logical Name (Net Name)
    ----------------------------------------  ------------
     FDC:C->Q              3   0.447   0.650  Q (Q)
     end scope: 'XLXI_2/XLXI_4/XLXI_1:Q'
     INV:I->O              1   0.568   0.808  XLXI_2/XLXI_4/XLXI_5 (XLXI_2/XLXI_4/XLXN_6)
     AND4:I3->O            5   0.339   0.714  XLXI_2/XLXI_4/XLXI_7 (XLXI_2/XLXN_15)
     begin scope: 'XLXI_2/XLXI_4/XLXI_1:CLR'
     FDC:CLR                   0.430          Q
    ----------------------------------------
    Total                      3.956ns (1.784ns logic, 2.172ns route)
                                       (45.1% logic, 54.9% route)

=========================================================================
Timing constraint: Default period analysis for Clock 'XLXI_2/XLXI_3/XLXI_2/Q'
  Clock period: 2.775ns (frequency: 360.328MHz)
  Total number of paths / destination ports: 2 / 2
-------------------------------------------------------------------------
Delay:               2.775ns (Levels of Logic = 2)
  Source:            XLXI_2/XLXI_3/XLXI_3/Q (FF)
  Destination:       XLXI_2/XLXI_3/XLXI_3/Q (FF)
  Source Clock:      XLXI_2/XLXI_3/XLXI_2/Q falling
  Destination Clock: XLXI_2/XLXI_3/XLXI_2/Q falling

  Data Path: XLXI_2/XLXI_3/XLXI_3/Q to XLXI_2/XLXI_3/XLXI_3/Q
                                Gate     Net
    Cell:in->out      fanout   Delay   Delay  Logical Name (Net Name)
    ----------------------------------------  ------------
     FDC:C->Q              2   0.447   0.981  Q (Q)
     end scope: 'XLXI_2/XLXI_3/XLXI_3:Q'
     AND4:I0->O            5   0.203   0.714  XLXI_2/XLXI_3/XLXI_7 (XLXI_2/XLXN_16)
     begin scope: 'XLXI_2/XLXI_3/XLXI_3:CLR'
     FDC:CLR                   0.430          Q
    ----------------------------------------
    Total                      2.775ns (1.080ns logic, 1.695ns route)
                                       (38.9% logic, 61.1% route)

=========================================================================
Timing constraint: Default period analysis for Clock 'XLXI_2/XLXI_3/XLXI_8/Q'
  Clock period: 3.956ns (frequency: 252.774MHz)
  Total number of paths / destination ports: 2 / 2
-------------------------------------------------------------------------
Delay:               3.956ns (Levels of Logic = 3)
  Source:            XLXI_2/XLXI_3/XLXI_2/Q (FF)
  Destination:       XLXI_2/XLXI_3/XLXI_2/Q (FF)
  Source Clock:      XLXI_2/XLXI_3/XLXI_8/Q falling
  Destination Clock: XLXI_2/XLXI_3/XLXI_8/Q falling

  Data Path: XLXI_2/XLXI_3/XLXI_2/Q to XLXI_2/XLXI_3/XLXI_2/Q
                                Gate     Net
    Cell:in->out      fanout   Delay   Delay  Logical Name (Net Name)
    ----------------------------------------  ------------
     FDC:C->Q              3   0.447   0.650  Q (Q)
     end scope: 'XLXI_2/XLXI_3/XLXI_2:Q'
     INV:I->O              1   0.568   0.924  XLXI_2/XLXI_3/XLXI_6 (XLXI_2/XLXI_3/XLXN_5)
     AND4:I1->O            5   0.223   0.714  XLXI_2/XLXI_3/XLXI_7 (XLXI_2/XLXN_16)
     begin scope: 'XLXI_2/XLXI_3/XLXI_2:CLR'
     FDC:CLR                   0.430          Q
    ----------------------------------------
    Total                      3.956ns (1.668ns logic, 2.288ns route)
                                       (42.2% logic, 57.8% route)

=========================================================================
Timing constraint: Default period analysis for Clock 'XLXI_2/XLXI_3/XLXI_1/Q'
  Clock period: 2.809ns (frequency: 355.967MHz)
  Total number of paths / destination ports: 2 / 2
-------------------------------------------------------------------------
Delay:               2.809ns (Levels of Logic = 2)
  Source:            XLXI_2/XLXI_3/XLXI_8/Q (FF)
  Destination:       XLXI_2/XLXI_3/XLXI_8/Q (FF)
  Source Clock:      XLXI_2/XLXI_3/XLXI_1/Q falling
  Destination Clock: XLXI_2/XLXI_3/XLXI_1/Q falling

  Data Path: XLXI_2/XLXI_3/XLXI_8/Q to XLXI_2/XLXI_3/XLXI_8/Q
                                Gate     Net
    Cell:in->out      fanout   Delay   Delay  Logical Name (Net Name)
    ----------------------------------------  ------------
     FDC:C->Q              3   0.447   0.898  Q (Q)
     end scope: 'XLXI_2/XLXI_3/XLXI_8:Q'
     AND4:I2->O            5   0.320   0.714  XLXI_2/XLXI_3/XLXI_7 (XLXI_2/XLXN_16)
     begin scope: 'XLXI_2/XLXI_3/XLXI_8:CLR'
     FDC:CLR                   0.430          Q
    ----------------------------------------
    Total                      2.809ns (1.197ns logic, 1.612ns route)
                                       (42.6% logic, 57.4% route)

=========================================================================
Timing constraint: Default period analysis for Clock 'XLXI_2/XLXN_15'
  Clock period: 3.956ns (frequency: 252.774MHz)
  Total number of paths / destination ports: 2 / 2
-------------------------------------------------------------------------
Delay:               3.956ns (Levels of Logic = 3)
  Source:            XLXI_2/XLXI_3/XLXI_1/Q (FF)
  Destination:       XLXI_2/XLXI_3/XLXI_1/Q (FF)
  Source Clock:      XLXI_2/XLXN_15 rising
  Destination Clock: XLXI_2/XLXN_15 rising

  Data Path: XLXI_2/XLXI_3/XLXI_1/Q to XLXI_2/XLXI_3/XLXI_1/Q
                                Gate     Net
    Cell:in->out      fanout   Delay   Delay  Logical Name (Net Name)
    ----------------------------------------  ------------
     FDC:C->Q              3   0.447   0.650  Q (Q)
     end scope: 'XLXI_2/XLXI_3/XLXI_1:Q'
     INV:I->O              1   0.568   0.808  XLXI_2/XLXI_3/XLXI_5 (XLXI_2/XLXI_3/XLXN_6)
     AND4:I3->O            5   0.339   0.714  XLXI_2/XLXI_3/XLXI_7 (XLXI_2/XLXN_16)
     begin scope: 'XLXI_2/XLXI_3/XLXI_1:CLR'
     FDC:CLR                   0.430          Q
    ----------------------------------------
    Total                      3.956ns (1.784ns logic, 2.172ns route)
                                       (45.1% logic, 54.9% route)

=========================================================================
Timing constraint: Default period analysis for Clock 'XLXI_2/XLXI_2/XLXI_2/Q'
  Clock period: 2.775ns (frequency: 360.328MHz)
  Total number of paths / destination ports: 2 / 2
-------------------------------------------------------------------------
Delay:               2.775ns (Levels of Logic = 2)
  Source:            XLXI_2/XLXI_2/XLXI_3/Q (FF)
  Destination:       XLXI_2/XLXI_2/XLXI_3/Q (FF)
  Source Clock:      XLXI_2/XLXI_2/XLXI_2/Q falling
  Destination Clock: XLXI_2/XLXI_2/XLXI_2/Q falling

  Data Path: XLXI_2/XLXI_2/XLXI_3/Q to XLXI_2/XLXI_2/XLXI_3/Q
                                Gate     Net
    Cell:in->out      fanout   Delay   Delay  Logical Name (Net Name)
    ----------------------------------------  ------------
     FDC:C->Q              2   0.447   0.981  Q (Q)
     end scope: 'XLXI_2/XLXI_2/XLXI_3:Q'
     AND4:I0->O            5   0.203   0.714  XLXI_2/XLXI_2/XLXI_7 (XLXI_2/XLXN_25)
     begin scope: 'XLXI_2/XLXI_2/XLXI_3:CLR'
     FDC:CLR                   0.430          Q
    ----------------------------------------
    Total                      2.775ns (1.080ns logic, 1.695ns route)
                                       (38.9% logic, 61.1% route)

=========================================================================
Timing constraint: Default period analysis for Clock 'XLXI_2/XLXI_2/XLXI_8/Q'
  Clock period: 3.956ns (frequency: 252.774MHz)
  Total number of paths / destination ports: 2 / 2
-------------------------------------------------------------------------
Delay:               3.956ns (Levels of Logic = 3)
  Source:            XLXI_2/XLXI_2/XLXI_2/Q (FF)
  Destination:       XLXI_2/XLXI_2/XLXI_2/Q (FF)
  Source Clock:      XLXI_2/XLXI_2/XLXI_8/Q falling
  Destination Clock: XLXI_2/XLXI_2/XLXI_8/Q falling

  Data Path: XLXI_2/XLXI_2/XLXI_2/Q to XLXI_2/XLXI_2/XLXI_2/Q
                                Gate     Net
    Cell:in->out      fanout   Delay   Delay  Logical Name (Net Name)
    ----------------------------------------  ------------
     FDC:C->Q              3   0.447   0.650  Q (Q)
     end scope: 'XLXI_2/XLXI_2/XLXI_2:Q'
     INV:I->O              1   0.568   0.924  XLXI_2/XLXI_2/XLXI_6 (XLXI_2/XLXI_2/XLXN_5)
     AND4:I1->O            5   0.223   0.714  XLXI_2/XLXI_2/XLXI_7 (XLXI_2/XLXN_25)
     begin scope: 'XLXI_2/XLXI_2/XLXI_2:CLR'
     FDC:CLR                   0.430          Q
    ----------------------------------------
    Total                      3.956ns (1.668ns logic, 2.288ns route)
                                       (42.2% logic, 57.8% route)

=========================================================================
Timing constraint: Default period analysis for Clock 'XLXI_2/XLXI_2/XLXI_1/Q'
  Clock period: 2.809ns (frequency: 355.967MHz)
  Total number of paths / destination ports: 2 / 2
-------------------------------------------------------------------------
Delay:               2.809ns (Levels of Logic = 2)
  Source:            XLXI_2/XLXI_2/XLXI_8/Q (FF)
  Destination:       XLXI_2/XLXI_2/XLXI_8/Q (FF)
  Source Clock:      XLXI_2/XLXI_2/XLXI_1/Q falling
  Destination Clock: XLXI_2/XLXI_2/XLXI_1/Q falling

  Data Path: XLXI_2/XLXI_2/XLXI_8/Q to XLXI_2/XLXI_2/XLXI_8/Q
                                Gate     Net
    Cell:in->out      fanout   Delay   Delay  Logical Name (Net Name)
    ----------------------------------------  ------------
     FDC:C->Q              3   0.447   0.898  Q (Q)
     end scope: 'XLXI_2/XLXI_2/XLXI_8:Q'
     AND4:I2->O            5   0.320   0.714  XLXI_2/XLXI_2/XLXI_7 (XLXI_2/XLXN_25)
     begin scope: 'XLXI_2/XLXI_2/XLXI_8:CLR'
     FDC:CLR                   0.430          Q
    ----------------------------------------
    Total                      2.809ns (1.197ns logic, 1.612ns route)
                                       (42.6% logic, 57.4% route)

=========================================================================
Timing constraint: Default period analysis for Clock 'XLXI_2/XLXN_16'
  Clock period: 3.956ns (frequency: 252.774MHz)
  Total number of paths / destination ports: 2 / 2
-------------------------------------------------------------------------
Delay:               3.956ns (Levels of Logic = 3)
  Source:            XLXI_2/XLXI_2/XLXI_1/Q (FF)
  Destination:       XLXI_2/XLXI_2/XLXI_1/Q (FF)
  Source Clock:      XLXI_2/XLXN_16 rising
  Destination Clock: XLXI_2/XLXN_16 rising

  Data Path: XLXI_2/XLXI_2/XLXI_1/Q to XLXI_2/XLXI_2/XLXI_1/Q
                                Gate     Net
    Cell:in->out      fanout   Delay   Delay  Logical Name (Net Name)
    ----------------------------------------  ------------
     FDC:C->Q              3   0.447   0.650  Q (Q)
     end scope: 'XLXI_2/XLXI_2/XLXI_1:Q'
     INV:I->O              1   0.568   0.808  XLXI_2/XLXI_2/XLXI_5 (XLXI_2/XLXI_2/XLXN_6)
     AND4:I3->O            5   0.339   0.714  XLXI_2/XLXI_2/XLXI_7 (XLXI_2/XLXN_25)
     begin scope: 'XLXI_2/XLXI_2/XLXI_1:CLR'
     FDC:CLR                   0.430          Q
    ----------------------------------------
    Total                      3.956ns (1.784ns logic, 2.172ns route)
                                       (45.1% logic, 54.9% route)

=========================================================================
Timing constraint: Default period analysis for Clock 'XLXI_2/XLXI_10/XLXI_2/Q'
  Clock period: 2.805ns (frequency: 356.506MHz)
  Total number of paths / destination ports: 2 / 2
-------------------------------------------------------------------------
Delay:               2.805ns (Levels of Logic = 2)
  Source:            XLXI_2/XLXI_10/XLXI_3/Q (FF)
  Destination:       XLXI_2/XLXI_10/XLXI_3/Q (FF)
  Source Clock:      XLXI_2/XLXI_10/XLXI_2/Q falling
  Destination Clock: XLXI_2/XLXI_10/XLXI_2/Q falling

  Data Path: XLXI_2/XLXI_10/XLXI_3/Q to XLXI_2/XLXI_10/XLXI_3/Q
                                Gate     Net
    Cell:in->out      fanout   Delay   Delay  Logical Name (Net Name)
    ----------------------------------------  ------------
     FDC:C->Q              2   0.447   0.981  Q (Q)
     end scope: 'XLXI_2/XLXI_10/XLXI_3:Q'
     AND4:I0->O            6   0.203   0.744  XLXI_2/XLXI_10/XLXI_7 (XLXN_24)
     begin scope: 'XLXI_2/XLXI_10/XLXI_3:CLR'
     FDC:CLR                   0.430          Q
    ----------------------------------------
    Total                      2.805ns (1.080ns logic, 1.725ns route)
                                       (38.5% logic, 61.5% route)

=========================================================================
Timing constraint: Default period analysis for Clock 'XLXI_2/XLXI_10/XLXI_8/Q'
  Clock period: 3.986ns (frequency: 250.887MHz)
  Total number of paths / destination ports: 2 / 2
-------------------------------------------------------------------------
Delay:               3.986ns (Levels of Logic = 3)
  Source:            XLXI_2/XLXI_10/XLXI_2/Q (FF)
  Destination:       XLXI_2/XLXI_10/XLXI_2/Q (FF)
  Source Clock:      XLXI_2/XLXI_10/XLXI_8/Q falling
  Destination Clock: XLXI_2/XLXI_10/XLXI_8/Q falling

  Data Path: XLXI_2/XLXI_10/XLXI_2/Q to XLXI_2/XLXI_10/XLXI_2/Q
                                Gate     Net
    Cell:in->out      fanout   Delay   Delay  Logical Name (Net Name)
    ----------------------------------------  ------------
     FDC:C->Q              3   0.447   0.650  Q (Q)
     end scope: 'XLXI_2/XLXI_10/XLXI_2:Q'
     INV:I->O              1   0.568   0.924  XLXI_2/XLXI_10/XLXI_6 (XLXI_2/XLXI_10/XLXN_5)
     AND4:I1->O            6   0.223   0.744  XLXI_2/XLXI_10/XLXI_7 (XLXN_24)
     begin scope: 'XLXI_2/XLXI_10/XLXI_2:CLR'
     FDC:CLR                   0.430          Q
    ----------------------------------------
    Total                      3.986ns (1.668ns logic, 2.318ns route)
                                       (41.8% logic, 58.2% route)

=========================================================================
Timing constraint: Default period analysis for Clock 'XLXI_2/XLXI_10/XLXI_1/Q'
  Clock period: 2.839ns (frequency: 352.237MHz)
  Total number of paths / destination ports: 2 / 2
-------------------------------------------------------------------------
Delay:               2.839ns (Levels of Logic = 2)
  Source:            XLXI_2/XLXI_10/XLXI_8/Q (FF)
  Destination:       XLXI_2/XLXI_10/XLXI_8/Q (FF)
  Source Clock:      XLXI_2/XLXI_10/XLXI_1/Q falling
  Destination Clock: XLXI_2/XLXI_10/XLXI_1/Q falling

  Data Path: XLXI_2/XLXI_10/XLXI_8/Q to XLXI_2/XLXI_10/XLXI_8/Q
                                Gate     Net
    Cell:in->out      fanout   Delay   Delay  Logical Name (Net Name)
    ----------------------------------------  ------------
     FDC:C->Q              3   0.447   0.898  Q (Q)
     end scope: 'XLXI_2/XLXI_10/XLXI_8:Q'
     AND4:I2->O            6   0.320   0.744  XLXI_2/XLXI_10/XLXI_7 (XLXN_24)
     begin scope: 'XLXI_2/XLXI_10/XLXI_8:CLR'
     FDC:CLR                   0.430          Q
    ----------------------------------------
    Total                      2.839ns (1.197ns logic, 1.642ns route)
                                       (42.2% logic, 57.8% route)

=========================================================================
Timing constraint: Default period analysis for Clock 'XLXI_2/XLXN_25'
  Clock period: 3.986ns (frequency: 250.887MHz)
  Total number of paths / destination ports: 2 / 2
-------------------------------------------------------------------------
Delay:               3.986ns (Levels of Logic = 3)
  Source:            XLXI_2/XLXI_10/XLXI_1/Q (FF)
  Destination:       XLXI_2/XLXI_10/XLXI_1/Q (FF)
  Source Clock:      XLXI_2/XLXN_25 rising
  Destination Clock: XLXI_2/XLXN_25 rising

  Data Path: XLXI_2/XLXI_10/XLXI_1/Q to XLXI_2/XLXI_10/XLXI_1/Q
                                Gate     Net
    Cell:in->out      fanout   Delay   Delay  Logical Name (Net Name)
    ----------------------------------------  ------------
     FDC:C->Q              3   0.447   0.650  Q (Q)
     end scope: 'XLXI_2/XLXI_10/XLXI_1:Q'
     INV:I->O              1   0.568   0.808  XLXI_2/XLXI_10/XLXI_5 (XLXI_2/XLXI_10/XLXN_6)
     AND4:I3->O            6   0.339   0.744  XLXI_2/XLXI_10/XLXI_7 (XLXN_24)
     begin scope: 'XLXI_2/XLXI_10/XLXI_1:CLR'
     FDC:CLR                   0.430          Q
    ----------------------------------------
    Total                      3.986ns (1.784ns logic, 2.202ns route)
                                       (44.8% logic, 55.2% route)

=========================================================================
Timing constraint: Default period analysis for Clock 'XLXN_24'
  Clock period: 2.834ns (frequency: 352.871MHz)
  Total number of paths / destination ports: 7 / 4
-------------------------------------------------------------------------
Delay:               2.834ns (Levels of Logic = 2)
  Source:            XLXI_3/Q0 (FF)
  Destination:       XLXI_3/Q0 (FF)
  Source Clock:      XLXN_24 rising
  Destination Clock: XLXN_24 rising

  Data Path: XLXI_3/Q0 to XLXI_3/Q0
                                Gate     Net
    Cell:in->out      fanout   Delay   Delay  Logical Name (Net Name)
    ----------------------------------------  ------------
     FDCE:C->Q             7   0.447   1.118  Q0 (Q0)
     end scope: 'XLXI_3:Q0'
     AND2:I1->O            2   0.223   0.616  XLXI_8 (XLXN_25)
     begin scope: 'XLXI_3:CLR'
     FDCE:CLR                  0.430          Q0
    ----------------------------------------
    Total                      2.834ns (1.100ns logic, 1.734ns route)
                                       (38.8% logic, 61.2% route)

=========================================================================
Timing constraint: Default OFFSET OUT AFTER for Clock 'XLXN_24'
  Total number of paths / destination ports: 120 / 7
-------------------------------------------------------------------------
Offset:              8.953ns (Levels of Logic = 6)
  Source:            XLXI_3/Q0 (FF)
  Destination:       a (PAD)
  Source Clock:      XLXN_24 rising

  Data Path: XLXI_3/Q0 to a
                                Gate     Net
    Cell:in->out      fanout   Delay   Delay  Logical Name (Net Name)
    ----------------------------------------  ------------
     FDCE:C->Q             7   0.447   1.118  Q0 (Q0)
     end scope: 'XLXI_3:Q0'
     XOR2:I1->O           23   0.223   1.153  XLXI_4/XLXI_3 (IN_0)
     INV:I->O              1   0.568   0.827  XLXI_1/XLXI_8 (XLXI_1/XLXN_1)
     AND3:I2->O            1   0.320   0.808  XLXI_1/XLXI_4 (XLXI_1/XLXN_18)
     OR4:I3->O             1   0.339   0.579  XLXI_1/XLXI_1 (a_OBUF)
     OBUF:I->O                 2.571          a_OBUF (a)
    ----------------------------------------
    Total                      8.953ns (4.468ns logic, 4.485ns route)
                                       (49.9% logic, 50.1% route)

=========================================================================

Cross Clock Domains Report:
--------------------------

Clock to Setup on destination clock CLK_P123
---------------+---------+---------+---------+---------+
               | Src:Rise| Src:Fall| Src:Rise| Src:Fall|
Source Clock   |Dest:Rise|Dest:Rise|Dest:Fall|Dest:Fall|
---------------+---------+---------+---------+---------+
CLK_P123       |    1.950|         |         |         |
---------------+---------+---------+---------+---------+

Clock to Setup on destination clock XLXI_2/XLXI_10/XLXI_1/Q
-----------------------+---------+---------+---------+---------+
                       | Src:Rise| Src:Fall| Src:Rise| Src:Fall|
Source Clock           |Dest:Rise|Dest:Rise|Dest:Fall|Dest:Fall|
-----------------------+---------+---------+---------+---------+
XLXI_2/XLXI_10/XLXI_1/Q|         |         |    2.839|         |
XLXI_2/XLXI_10/XLXI_2/Q|         |         |    2.805|         |
XLXI_2/XLXI_10/XLXI_8/Q|         |         |    3.986|         |
XLXI_2/XLXN_25         |         |         |    3.986|         |
-----------------------+---------+---------+---------+---------+

Clock to Setup on destination clock XLXI_2/XLXI_10/XLXI_2/Q
-----------------------+---------+---------+---------+---------+
                       | Src:Rise| Src:Fall| Src:Rise| Src:Fall|
Source Clock           |Dest:Rise|Dest:Rise|Dest:Fall|Dest:Fall|
-----------------------+---------+---------+---------+---------+
XLXI_2/XLXI_10/XLXI_1/Q|         |         |    2.839|         |
XLXI_2/XLXI_10/XLXI_2/Q|         |         |    2.805|         |
XLXI_2/XLXI_10/XLXI_8/Q|         |         |    3.986|         |
XLXI_2/XLXN_25         |         |         |    3.986|         |
-----------------------+---------+---------+---------+---------+

Clock to Setup on destination clock XLXI_2/XLXI_10/XLXI_8/Q
-----------------------+---------+---------+---------+---------+
                       | Src:Rise| Src:Fall| Src:Rise| Src:Fall|
Source Clock           |Dest:Rise|Dest:Rise|Dest:Fall|Dest:Fall|
-----------------------+---------+---------+---------+---------+
XLXI_2/XLXI_10/XLXI_1/Q|         |         |    2.839|         |
XLXI_2/XLXI_10/XLXI_2/Q|         |         |    2.805|         |
XLXI_2/XLXI_10/XLXI_8/Q|         |         |    3.986|         |
XLXI_2/XLXN_25         |         |         |    3.986|         |
-----------------------+---------+---------+---------+---------+

Clock to Setup on destination clock XLXI_2/XLXI_2/XLXI_1/Q
----------------------+---------+---------+---------+---------+
                      | Src:Rise| Src:Fall| Src:Rise| Src:Fall|
Source Clock          |Dest:Rise|Dest:Rise|Dest:Fall|Dest:Fall|
----------------------+---------+---------+---------+---------+
XLXI_2/XLXI_2/XLXI_1/Q|         |         |    2.809|         |
XLXI_2/XLXI_2/XLXI_2/Q|         |         |    2.775|         |
XLXI_2/XLXI_2/XLXI_8/Q|         |         |    3.956|         |
XLXI_2/XLXN_16        |         |         |    3.956|         |
----------------------+---------+---------+---------+---------+

Clock to Setup on destination clock XLXI_2/XLXI_2/XLXI_2/Q
----------------------+---------+---------+---------+---------+
                      | Src:Rise| Src:Fall| Src:Rise| Src:Fall|
Source Clock          |Dest:Rise|Dest:Rise|Dest:Fall|Dest:Fall|
----------------------+---------+---------+---------+---------+
XLXI_2/XLXI_2/XLXI_1/Q|         |         |    2.809|         |
XLXI_2/XLXI_2/XLXI_2/Q|         |         |    2.775|         |
XLXI_2/XLXI_2/XLXI_8/Q|         |         |    3.956|         |
XLXI_2/XLXN_16        |         |         |    3.956|         |
----------------------+---------+---------+---------+---------+

Clock to Setup on destination clock XLXI_2/XLXI_2/XLXI_8/Q
----------------------+---------+---------+---------+---------+
                      | Src:Rise| Src:Fall| Src:Rise| Src:Fall|
Source Clock          |Dest:Rise|Dest:Rise|Dest:Fall|Dest:Fall|
----------------------+---------+---------+---------+---------+
XLXI_2/XLXI_2/XLXI_1/Q|         |         |    2.809|         |
XLXI_2/XLXI_2/XLXI_2/Q|         |         |    2.775|         |
XLXI_2/XLXI_2/XLXI_8/Q|         |         |    3.956|         |
XLXI_2/XLXN_16        |         |         |    3.956|         |
----------------------+---------+---------+---------+---------+

Clock to Setup on destination clock XLXI_2/XLXI_22/Q
----------------------+---------+---------+---------+---------+
                      | Src:Rise| Src:Fall| Src:Rise| Src:Fall|
Source Clock          |Dest:Rise|Dest:Rise|Dest:Fall|Dest:Fall|
----------------------+---------+---------+---------+---------+
XLXI_2/XLXI_22/Q      |    3.956|         |         |         |
XLXI_2/XLXI_7/XLXI_1/Q|         |    2.809|         |         |
XLXI_2/XLXI_7/XLXI_2/Q|         |    2.775|         |         |
XLXI_2/XLXI_7/XLXI_8/Q|         |    3.956|         |         |
----------------------+---------+---------+---------+---------+

Clock to Setup on destination clock XLXI_2/XLXI_3/XLXI_1/Q
----------------------+---------+---------+---------+---------+
                      | Src:Rise| Src:Fall| Src:Rise| Src:Fall|
Source Clock          |Dest:Rise|Dest:Rise|Dest:Fall|Dest:Fall|
----------------------+---------+---------+---------+---------+
XLXI_2/XLXI_3/XLXI_1/Q|         |         |    2.809|         |
XLXI_2/XLXI_3/XLXI_2/Q|         |         |    2.775|         |
XLXI_2/XLXI_3/XLXI_8/Q|         |         |    3.956|         |
XLXI_2/XLXN_15        |         |         |    3.956|         |
----------------------+---------+---------+---------+---------+

Clock to Setup on destination clock XLXI_2/XLXI_3/XLXI_2/Q
----------------------+---------+---------+---------+---------+
                      | Src:Rise| Src:Fall| Src:Rise| Src:Fall|
Source Clock          |Dest:Rise|Dest:Rise|Dest:Fall|Dest:Fall|
----------------------+---------+---------+---------+---------+
XLXI_2/XLXI_3/XLXI_1/Q|         |         |    2.809|         |
XLXI_2/XLXI_3/XLXI_2/Q|         |         |    2.775|         |
XLXI_2/XLXI_3/XLXI_8/Q|         |         |    3.956|         |
XLXI_2/XLXN_15        |         |         |    3.956|         |
----------------------+---------+---------+---------+---------+

Clock to Setup on destination clock XLXI_2/XLXI_3/XLXI_8/Q
----------------------+---------+---------+---------+---------+
                      | Src:Rise| Src:Fall| Src:Rise| Src:Fall|
Source Clock          |Dest:Rise|Dest:Rise|Dest:Fall|Dest:Fall|
----------------------+---------+---------+---------+---------+
XLXI_2/XLXI_3/XLXI_1/Q|         |         |    2.809|         |
XLXI_2/XLXI_3/XLXI_2/Q|         |         |    2.775|         |
XLXI_2/XLXI_3/XLXI_8/Q|         |         |    3.956|         |
XLXI_2/XLXN_15        |         |         |    3.956|         |
----------------------+---------+---------+---------+---------+

Clock to Setup on destination clock XLXI_2/XLXI_4/XLXI_1/Q
----------------------+---------+---------+---------+---------+
                      | Src:Rise| Src:Fall| Src:Rise| Src:Fall|
Source Clock          |Dest:Rise|Dest:Rise|Dest:Fall|Dest:Fall|
----------------------+---------+---------+---------+---------+
XLXI_2/XLXI_4/XLXI_1/Q|         |         |    2.809|         |
XLXI_2/XLXI_4/XLXI_2/Q|         |         |    2.775|         |
XLXI_2/XLXI_4/XLXI_8/Q|         |         |    3.956|         |
XLXI_2/XLXN_14        |         |         |    3.956|         |
----------------------+---------+---------+---------+---------+

Clock to Setup on destination clock XLXI_2/XLXI_4/XLXI_2/Q
----------------------+---------+---------+---------+---------+
                      | Src:Rise| Src:Fall| Src:Rise| Src:Fall|
Source Clock          |Dest:Rise|Dest:Rise|Dest:Fall|Dest:Fall|
----------------------+---------+---------+---------+---------+
XLXI_2/XLXI_4/XLXI_1/Q|         |         |    2.809|         |
XLXI_2/XLXI_4/XLXI_2/Q|         |         |    2.775|         |
XLXI_2/XLXI_4/XLXI_8/Q|         |         |    3.956|         |
XLXI_2/XLXN_14        |         |         |    3.956|         |
----------------------+---------+---------+---------+---------+

Clock to Setup on destination clock XLXI_2/XLXI_4/XLXI_8/Q
----------------------+---------+---------+---------+---------+
                      | Src:Rise| Src:Fall| Src:Rise| Src:Fall|
Source Clock          |Dest:Rise|Dest:Rise|Dest:Fall|Dest:Fall|
----------------------+---------+---------+---------+---------+
XLXI_2/XLXI_4/XLXI_1/Q|         |         |    2.809|         |
XLXI_2/XLXI_4/XLXI_2/Q|         |         |    2.775|         |
XLXI_2/XLXI_4/XLXI_8/Q|         |         |    3.956|         |
XLXI_2/XLXN_14        |         |         |    3.956|         |
----------------------+---------+---------+---------+---------+

Clock to Setup on destination clock XLXI_2/XLXI_5/XLXI_1/Q
----------------------+---------+---------+---------+---------+
                      | Src:Rise| Src:Fall| Src:Rise| Src:Fall|
Source Clock          |Dest:Rise|Dest:Rise|Dest:Fall|Dest:Fall|
----------------------+---------+---------+---------+---------+
XLXI_2/XLXI_5/XLXI_1/Q|         |         |    2.809|         |
XLXI_2/XLXI_5/XLXI_2/Q|         |         |    2.775|         |
XLXI_2/XLXI_5/XLXI_8/Q|         |         |    3.956|         |
XLXI_2/XLXN_13        |         |         |    3.956|         |
----------------------+---------+---------+---------+---------+

Clock to Setup on destination clock XLXI_2/XLXI_5/XLXI_2/Q
----------------------+---------+---------+---------+---------+
                      | Src:Rise| Src:Fall| Src:Rise| Src:Fall|
Source Clock          |Dest:Rise|Dest:Rise|Dest:Fall|Dest:Fall|
----------------------+---------+---------+---------+---------+
XLXI_2/XLXI_5/XLXI_1/Q|         |         |    2.809|         |
XLXI_2/XLXI_5/XLXI_2/Q|         |         |    2.775|         |
XLXI_2/XLXI_5/XLXI_8/Q|         |         |    3.956|         |
XLXI_2/XLXN_13        |         |         |    3.956|         |
----------------------+---------+---------+---------+---------+

Clock to Setup on destination clock XLXI_2/XLXI_5/XLXI_8/Q
----------------------+---------+---------+---------+---------+
                      | Src:Rise| Src:Fall| Src:Rise| Src:Fall|
Source Clock          |Dest:Rise|Dest:Rise|Dest:Fall|Dest:Fall|
----------------------+---------+---------+---------+---------+
XLXI_2/XLXI_5/XLXI_1/Q|         |         |    2.809|         |
XLXI_2/XLXI_5/XLXI_2/Q|         |         |    2.775|         |
XLXI_2/XLXI_5/XLXI_8/Q|         |         |    3.956|         |
XLXI_2/XLXN_13        |         |         |    3.956|         |
----------------------+---------+---------+---------+---------+

Clock to Setup on destination clock XLXI_2/XLXI_6/XLXI_1/Q
----------------------+---------+---------+---------+---------+
                      | Src:Rise| Src:Fall| Src:Rise| Src:Fall|
Source Clock          |Dest:Rise|Dest:Rise|Dest:Fall|Dest:Fall|
----------------------+---------+---------+---------+---------+
XLXI_2/XLXI_6/XLXI_1/Q|         |         |    2.809|         |
XLXI_2/XLXI_6/XLXI_2/Q|         |         |    2.775|         |
XLXI_2/XLXI_6/XLXI_8/Q|         |         |    3.956|         |
XLXI_2/XLXN_12        |         |         |    3.956|         |
----------------------+---------+---------+---------+---------+

Clock to Setup on destination clock XLXI_2/XLXI_6/XLXI_2/Q
----------------------+---------+---------+---------+---------+
                      | Src:Rise| Src:Fall| Src:Rise| Src:Fall|
Source Clock          |Dest:Rise|Dest:Rise|Dest:Fall|Dest:Fall|
----------------------+---------+---------+---------+---------+
XLXI_2/XLXI_6/XLXI_1/Q|         |         |    2.809|         |
XLXI_2/XLXI_6/XLXI_2/Q|         |         |    2.775|         |
XLXI_2/XLXI_6/XLXI_8/Q|         |         |    3.956|         |
XLXI_2/XLXN_12        |         |         |    3.956|         |
----------------------+---------+---------+---------+---------+

Clock to Setup on destination clock XLXI_2/XLXI_6/XLXI_8/Q
----------------------+---------+---------+---------+---------+
                      | Src:Rise| Src:Fall| Src:Rise| Src:Fall|
Source Clock          |Dest:Rise|Dest:Rise|Dest:Fall|Dest:Fall|
----------------------+---------+---------+---------+---------+
XLXI_2/XLXI_6/XLXI_1/Q|         |         |    2.809|         |
XLXI_2/XLXI_6/XLXI_2/Q|         |         |    2.775|         |
XLXI_2/XLXI_6/XLXI_8/Q|         |         |    3.956|         |
XLXI_2/XLXN_12        |         |         |    3.956|         |
----------------------+---------+---------+---------+---------+

Clock to Setup on destination clock XLXI_2/XLXI_7/XLXI_1/Q
----------------------+---------+---------+---------+---------+
                      | Src:Rise| Src:Fall| Src:Rise| Src:Fall|
Source Clock          |Dest:Rise|Dest:Rise|Dest:Fall|Dest:Fall|
----------------------+---------+---------+---------+---------+
XLXI_2/XLXI_22/Q      |         |         |    3.956|         |
XLXI_2/XLXI_7/XLXI_1/Q|         |         |    2.809|         |
XLXI_2/XLXI_7/XLXI_2/Q|         |         |    2.775|         |
XLXI_2/XLXI_7/XLXI_8/Q|         |         |    3.956|         |
----------------------+---------+---------+---------+---------+

Clock to Setup on destination clock XLXI_2/XLXI_7/XLXI_2/Q
----------------------+---------+---------+---------+---------+
                      | Src:Rise| Src:Fall| Src:Rise| Src:Fall|
Source Clock          |Dest:Rise|Dest:Rise|Dest:Fall|Dest:Fall|
----------------------+---------+---------+---------+---------+
XLXI_2/XLXI_22/Q      |         |         |    3.956|         |
XLXI_2/XLXI_7/XLXI_1/Q|         |         |    2.809|         |
XLXI_2/XLXI_7/XLXI_2/Q|         |         |    2.775|         |
XLXI_2/XLXI_7/XLXI_8/Q|         |         |    3.956|         |
----------------------+---------+---------+---------+---------+

Clock to Setup on destination clock XLXI_2/XLXI_7/XLXI_8/Q
----------------------+---------+---------+---------+---------+
                      | Src:Rise| Src:Fall| Src:Rise| Src:Fall|
Source Clock          |Dest:Rise|Dest:Rise|Dest:Fall|Dest:Fall|
----------------------+---------+---------+---------+---------+
XLXI_2/XLXI_22/Q      |         |         |    3.956|         |
XLXI_2/XLXI_7/XLXI_1/Q|         |         |    2.809|         |
XLXI_2/XLXI_7/XLXI_2/Q|         |         |    2.775|         |
XLXI_2/XLXI_7/XLXI_8/Q|         |         |    3.956|         |
----------------------+---------+---------+---------+---------+

Clock to Setup on destination clock XLXI_2/XLXN_12
----------------------+---------+---------+---------+---------+
                      | Src:Rise| Src:Fall| Src:Rise| Src:Fall|
Source Clock          |Dest:Rise|Dest:Rise|Dest:Fall|Dest:Fall|
----------------------+---------+---------+---------+---------+
XLXI_2/XLXI_6/XLXI_1/Q|         |    2.809|         |         |
XLXI_2/XLXI_6/XLXI_2/Q|         |    2.775|         |         |
XLXI_2/XLXI_6/XLXI_8/Q|         |    3.956|         |         |
XLXI_2/XLXN_12        |    3.956|         |         |         |
----------------------+---------+---------+---------+---------+

Clock to Setup on destination clock XLXI_2/XLXN_13
----------------------+---------+---------+---------+---------+
                      | Src:Rise| Src:Fall| Src:Rise| Src:Fall|
Source Clock          |Dest:Rise|Dest:Rise|Dest:Fall|Dest:Fall|
----------------------+---------+---------+---------+---------+
XLXI_2/XLXI_5/XLXI_1/Q|         |    2.809|         |         |
XLXI_2/XLXI_5/XLXI_2/Q|         |    2.775|         |         |
XLXI_2/XLXI_5/XLXI_8/Q|         |    3.956|         |         |
XLXI_2/XLXN_13        |    3.956|         |         |         |
----------------------+---------+---------+---------+---------+

Clock to Setup on destination clock XLXI_2/XLXN_14
----------------------+---------+---------+---------+---------+
                      | Src:Rise| Src:Fall| Src:Rise| Src:Fall|
Source Clock          |Dest:Rise|Dest:Rise|Dest:Fall|Dest:Fall|
----------------------+---------+---------+---------+---------+
XLXI_2/XLXI_4/XLXI_1/Q|         |    2.809|         |         |
XLXI_2/XLXI_4/XLXI_2/Q|         |    2.775|         |         |
XLXI_2/XLXI_4/XLXI_8/Q|         |    3.956|         |         |
XLXI_2/XLXN_14        |    3.956|         |         |         |
----------------------+---------+---------+---------+---------+

Clock to Setup on destination clock XLXI_2/XLXN_15
----------------------+---------+---------+---------+---------+
                      | Src:Rise| Src:Fall| Src:Rise| Src:Fall|
Source Clock          |Dest:Rise|Dest:Rise|Dest:Fall|Dest:Fall|
----------------------+---------+---------+---------+---------+
XLXI_2/XLXI_3/XLXI_1/Q|         |    2.809|         |         |
XLXI_2/XLXI_3/XLXI_2/Q|         |    2.775|         |         |
XLXI_2/XLXI_3/XLXI_8/Q|         |    3.956|         |         |
XLXI_2/XLXN_15        |    3.956|         |         |         |
----------------------+---------+---------+---------+---------+

Clock to Setup on destination clock XLXI_2/XLXN_16
----------------------+---------+---------+---------+---------+
                      | Src:Rise| Src:Fall| Src:Rise| Src:Fall|
Source Clock          |Dest:Rise|Dest:Rise|Dest:Fall|Dest:Fall|
----------------------+---------+---------+---------+---------+
XLXI_2/XLXI_2/XLXI_1/Q|         |    2.809|         |         |
XLXI_2/XLXI_2/XLXI_2/Q|         |    2.775|         |         |
XLXI_2/XLXI_2/XLXI_8/Q|         |    3.956|         |         |
XLXI_2/XLXN_16        |    3.956|         |         |         |
----------------------+---------+---------+---------+---------+

Clock to Setup on destination clock XLXI_2/XLXN_25
-----------------------+---------+---------+---------+---------+
                       | Src:Rise| Src:Fall| Src:Rise| Src:Fall|
Source Clock           |Dest:Rise|Dest:Rise|Dest:Fall|Dest:Fall|
-----------------------+---------+---------+---------+---------+
XLXI_2/XLXI_10/XLXI_1/Q|         |    2.839|         |         |
XLXI_2/XLXI_10/XLXI_2/Q|         |    2.805|         |         |
XLXI_2/XLXI_10/XLXI_8/Q|         |    3.986|         |         |
XLXI_2/XLXN_25         |    3.986|         |         |         |
-----------------------+---------+---------+---------+---------+

Clock to Setup on destination clock XLXN_24
---------------+---------+---------+---------+---------+
               | Src:Rise| Src:Fall| Src:Rise| Src:Fall|
Source Clock   |Dest:Rise|Dest:Rise|Dest:Fall|Dest:Fall|
---------------+---------+---------+---------+---------+
XLXN_24        |    2.834|         |         |         |
---------------+---------+---------+---------+---------+

=========================================================================


Total REAL time to Xst completion: 4.00 secs
Total CPU time to Xst completion: 4.15 secs
 
--> 

Total memory usage is 231344 kilobytes

Number of errors   :    0 (   0 filtered)
Number of warnings :    3 (   0 filtered)
Number of infos    :   31 (   0 filtered)

